2025-11-02 19:47:14,013 [INFO] rpa_template: Init: carregando contexto e preparando fila em memória
2025-11-02 19:47:14,016 [INFO] rpa_template: Init: max_retries configurado para 0
2025-11-02 19:47:17,231 [INFO] rpa_template: GetTransaction: próxima transação -> TX-001
2025-11-02 19:47:20,679 [INFO] rpa_template: Process: iniciando (tentativa 1/1) para TX-001
2025-11-02 19:49:29,505 [INFO] rpa_template: Init: carregando contexto e preparando fila em memória
2025-11-02 19:49:29,507 [INFO] rpa_template: Init: max_retries configurado para 3
2025-11-02 19:49:36,239 [INFO] rpa_template: GetTransaction: próxima transação -> TX-001
2025-11-02 19:49:38,420 [INFO] rpa_template: Process: iniciando (tentativa 1/4) para TX-001
2025-11-02 19:49:39,979 [INFO] rpa_template: Processando transação: TX-001
2025-11-02 19:49:46,495 [INFO] rpa_template: GetTransaction: próxima transação -> TX-002
2025-11-02 19:49:50,441 [INFO] rpa_template: Process: iniciando (tentativa 1/4) para TX-002
2025-11-02 19:49:50,913 [INFO] rpa_template: Processando transação: TX-002
2025-11-28 17:04:03,396 [INFO] rpa_template: Init: carregando contexto e preparando fila em memória
2025-11-28 17:04:03,396 [INFO] rpa_template: Init: max_retries configurado para 3
2025-11-28 17:04:03,396 [INFO] rpa_template: GetTransaction: próxima transação -> TX-001
2025-11-28 17:04:03,396 [INFO] rpa_template: Process: iniciando (tentativa 1/4) para TX-001
2025-11-28 17:04:03,396 [INFO] rpa_template: Processando transação: TX-001
2025-11-28 17:04:03,396 [INFO] rpa_template: GetTransaction: próxima transação -> TX-002
2025-11-28 17:04:03,396 [INFO] rpa_template: Process: iniciando (tentativa 1/4) para TX-002
2025-11-28 17:04:03,396 [INFO] rpa_template: Processando transação: TX-002
2025-11-28 17:04:03,396 [INFO] rpa_template: GetTransaction: próxima transação -> TX-003
2025-11-28 17:04:03,396 [INFO] rpa_template: Process: iniciando (tentativa 1/4) para TX-003
2025-11-28 17:04:03,404 [INFO] rpa_template: Processando transação: TX-003
2025-11-28 17:04:03,404 [INFO] rpa_template: GetTransaction: nenhuma transação restante
2025-11-28 17:04:03,404 [INFO] rpa_template: Encerrando execução do robô
2025-11-28 17:04:03,404 [INFO] rpa_template: Resumo: processadas=3 erros=0 pendentes=0
2025-12-02 14:28:42,640 [INFO] rpa_template: Init: carregando contexto e preparando fila em memória
2025-12-02 14:28:42,640 [INFO] rpa_template: Init: max_retries configurado para 3
2025-12-02 14:28:42,641 [INFO] rpa_template: GetTransaction: próxima transação -> TX-001
2025-12-02 14:28:42,641 [INFO] rpa_template: Process: iniciando (tentativa 1/4) para TX-001
2025-12-02 14:28:42,641 [INFO] rpa_template: Processando transação: TX-001
2025-12-02 14:28:42,641 [INFO] rpa_template: GetTransaction: próxima transação -> TX-002
2025-12-02 14:28:42,641 [INFO] rpa_template: Process: iniciando (tentativa 1/4) para TX-002
2025-12-02 14:28:42,642 [INFO] rpa_template: Processando transação: TX-002
2025-12-02 14:28:42,642 [INFO] rpa_template: GetTransaction: próxima transação -> TX-003
2025-12-02 14:28:42,642 [INFO] rpa_template: Process: iniciando (tentativa 1/4) para TX-003
2025-12-02 14:28:42,642 [INFO] rpa_template: Processando transação: TX-003
2025-12-02 14:28:42,642 [INFO] rpa_template: GetTransaction: nenhuma transação restante
2025-12-02 14:28:42,642 [INFO] rpa_template: Encerrando execução do robô
2025-12-02 14:28:42,643 [INFO] rpa_template: Resumo: processadas=3 erros=0 pendentes=0
2025-12-02 14:33:21,491 [INFO] rpa_template: Init: carregando contexto e preparando fila em memória
2025-12-02 14:33:21,491 [INFO] rpa_template: Init: max_retries configurado para 3
2025-12-02 14:33:21,491 [INFO] rpa_template: GetTransaction: próxima transação -> TX-001
2025-12-02 14:33:21,491 [INFO] rpa_template: Process: iniciando (tentativa 1/4) para TX-001
2025-12-02 14:33:21,491 [INFO] rpa_template: Processando transação: TX-001
2025-12-02 14:33:21,491 [INFO] rpa_template: GetTransaction: próxima transação -> TX-002
2025-12-02 14:33:21,491 [INFO] rpa_template: Process: iniciando (tentativa 1/4) para TX-002
2025-12-02 14:33:21,491 [INFO] rpa_template: Processando transação: TX-002
2025-12-02 14:33:21,491 [INFO] rpa_template: GetTransaction: próxima transação -> TX-003
2025-12-02 14:33:21,491 [INFO] rpa_template: Process: iniciando (tentativa 1/4) para TX-003
2025-12-02 14:33:21,491 [INFO] rpa_template: Processando transação: TX-003
2025-12-02 14:33:21,491 [INFO] rpa_template: GetTransaction: nenhuma transação restante
2025-12-02 14:33:21,491 [INFO] rpa_template: Encerrando execução do robô
2025-12-02 14:33:21,491 [INFO] rpa_template: Resumo: processadas=3 erros=0 pendentes=0
